<?xml version="1.0" encoding="UTF-8"?>
<!-- Generated by org.testng.reporters.JUnitXMLReporter -->
<testsuite ignored="0" hostname="LAPTOP-CF835LVD" failures="1" tests="5" name="APi" time="3.965" errors="0" timestamp="2026-05-04T14:47:39 IST">
  <testcase classname="com.gedala.tests.PostTest" name="postRequestUsingExternalFile" time="2.752"/>
  <testcase classname="com.gedala.tests.PostTest" name="postTests" time="0.052"/>
  <testcase classname="com.gedala.tests.GetTest" name="getEmployeeDetail" time="3.662"/>
  <testcase classname="com.gedala.tests.GetTest" name="getEmployeeDetails" time="0.079">
    <failure type="java.lang.AssertionError" message="
Expecting actual:
  19
to be greater than:
  100
">
      <![CDATA[java.lang.AssertionError: 
Expecting actual:
  19
to be greater than:
  100

at com.gedala.tests.GetTest.getEmployeeDetails(GetTest.java:23)
at java.base/java.util.concurrent.Executors$RunnableAdapter.call(Executors.java:545)
at java.base/java.util.concurrent.FutureTask.run(FutureTask.java:328)
at java.base/java.util.concurrent.ThreadPoolExecutor.runWorker(ThreadPoolExecutor.java:1090)
at java.base/java.util.concurrent.ThreadPoolExecutor$Worker.run(ThreadPoolExecutor.java:614)
at java.base/java.lang.Thread.run(Thread.java:1474)
... Removed 11 stack frames]]>
    </failure>
  </testcase> <!-- getEmployeeDetails -->
  <testcase classname="com.gedala.tests.CrudTest" name="UserService" time="3.861"/>
</testsuite> <!-- APi -->
