<?xml version="1.0" encoding="UTF-8"?>
<!-- Generated by org.testng.reporters.JUnitXMLReporter -->
<testsuite ignored="0" hostname="LAPTOP-CF835LVD" failures="1" tests="4" name="Independent Tests" time="0.223" errors="0" timestamp="2026-05-04T14:13:25 IST">
  <testcase classname="com.gedala.tests.GetTest" name="getEmployeeDetail" time="0.084"/>
  <testcase classname="com.gedala.tests.GetTest" name="getEmployeeDetails" time="0.06">
    <failure type="java.lang.AssertionError" message="
Expecting actual:
  11
to be greater than:
  100
">
      <![CDATA[java.lang.AssertionError: 
Expecting actual:
  11
to be greater than:
  100

at com.gedala.tests.GetTest.getEmployeeDetails(GetTest.java:23)
at java.base/java.util.concurrent.Executors$RunnableAdapter.call(Executors.java:545)
at java.base/java.util.concurrent.FutureTask.run(FutureTask.java:328)
at java.base/java.util.concurrent.ThreadPoolExecutor.runWorker(ThreadPoolExecutor.java:1090)
at java.base/java.util.concurrent.ThreadPoolExecutor$Worker.run(ThreadPoolExecutor.java:614)
at java.base/java.lang.Thread.run(Thread.java:1474)
... Removed 11 stack frames]]>
    </failure>
  </testcase> <!-- getEmployeeDetails -->
  <testcase classname="com.gedala.tests.PostTest" name="postRequestUsingExternalFile" time="0.165"/>
  <testcase classname="com.gedala.tests.PostTest" name="postTests" time="0.049"/>
</testsuite> <!-- Independent Tests -->
