<?xml version="1.0" encoding="UTF-8"?>
<!-- Generated by org.testng.reporters.JUnitXMLReporter -->
<testsuite ignored="0" hostname="LAPTOP-CF835LVD" failures="1" tests="5" name="Test" time="5.192" errors="0" timestamp="2026-05-09T19:36:32 IST">
  <testcase classname="com.gedala.tests.CrudTest" name="UserService" time="4.794"/>
  <testcase classname="com.gedala.tests.PostTest" name="postRequestUsingExternalFile" time="0.06"/>
  <testcase classname="com.gedala.tests.PostTest" name="postTests" time="0.05"/>
  <testcase classname="com.gedala.tests.GetTest" name="getEmployeeDetail" time="0.083"/>
  <testcase classname="com.gedala.tests.GetTest" name="getEmployeeDetails" time="0.053">
    <failure type="java.lang.AssertionError" message="
Expecting actual:
  74
to be greater than:
  100
">
      <![CDATA[java.lang.AssertionError: 
Expecting actual:
  74
to be greater than:
  100

at com.gedala.tests.GetTest.getEmployeeDetails(GetTest.java:23)
at java.base/java.util.ArrayList.forEach(ArrayList.java:1604)
... Removed 25 stack frames]]>
    </failure>
  </testcase> <!-- getEmployeeDetails -->
</testsuite> <!-- Test -->
