<?xml version="1.0" encoding="UTF-8"?>
<!-- Generated by org.testng.reporters.JUnitXMLReporter -->
<testsuite ignored="0" hostname="LAPTOP-CF835LVD" failures="1" tests="5" name="Test" time="5.686" errors="0" timestamp="2026-05-09T09:20:45 IST">
  <testcase classname="com.gedala.tests.CrudTest" name="UserService" time="5.334"/>
  <testcase classname="com.gedala.tests.PostTest" name="postRequestUsingExternalFile" time="0.084"/>
  <testcase classname="com.gedala.tests.PostTest" name="postTests" time="0.049"/>
  <testcase classname="com.gedala.tests.GetTest" name="getEmployeeDetail" time="0.067"/>
  <testcase classname="com.gedala.tests.GetTest" name="getEmployeeDetails" time="0.055">
    <failure type="java.lang.AssertionError" message="
Expecting actual:
  50
to be greater than:
  100
">
      <![CDATA[java.lang.AssertionError: 
Expecting actual:
  50
to be greater than:
  100

at com.gedala.tests.GetTest.getEmployeeDetails(GetTest.java:23)
at java.base/java.util.ArrayList.forEach(ArrayList.java:1604)
... Removed 29 stack frames]]>
    </failure>
  </testcase> <!-- getEmployeeDetails -->
</testsuite> <!-- Test -->
