<?xml version="1.0" encoding="UTF-8"?>
<testng-results ignored="0" total="5" passed="4" failed="1" skipped="0">
  <reporter-output>
  </reporter-output>
  <suite started-at="2026-05-09T09:20:40 IST" name="Suite" finished-at="2026-05-09T09:20:45 IST" duration-ms="5686">
    <groups>
    </groups>
    <test started-at="2026-05-09T09:20:40 IST" name="Test" finished-at="2026-05-09T09:20:45 IST" duration-ms="5686">
      <class name="com.gedala.tests.GetTest">
        <test-method signature="getEmployeeDetail()[pri:0, instance:com.gedala.tests.GetTest@12d4bf7e]" started-at="2026-05-09T09:20:45 IST" name="getEmployeeDetail" finished-at="2026-05-09T09:20:45 IST" duration-ms="67" status="PASS">
          <reporter-output>
          </reporter-output>
        </test-method> <!-- getEmployeeDetail -->
        <test-method signature="getEmployeeDetails()[pri:0, instance:com.gedala.tests.GetTest@12d4bf7e]" started-at="2026-05-09T09:20:45 IST" name="getEmployeeDetails" finished-at="2026-05-09T09:20:45 IST" duration-ms="55" status="FAIL">
          <exception class="java.lang.AssertionError">
            <message>
              <![CDATA[
Expecting actual:
  50
to be greater than:
  100
]]>
            </message>
            <full-stacktrace>
              <![CDATA[java.lang.AssertionError: 
Expecting actual:
  50
to be greater than:
  100

at com.gedala.tests.GetTest.getEmployeeDetails(GetTest.java:23)
at java.base/jdk.internal.reflect.DirectMethodHandleAccessor.invoke(DirectMethodHandleAccessor.java:104)
at java.base/java.lang.reflect.Method.invoke(Method.java:565)
at org.testng.internal.invokers.MethodInvocationHelper.invokeMethod(MethodInvocationHelper.java:141)
at org.testng.internal.invokers.TestInvoker.invokeMethod(TestInvoker.java:697)
at org.testng.internal.invokers.TestInvoker.invokeTestMethod(TestInvoker.java:230)
at org.testng.internal.invokers.MethodRunner.runInSequence(MethodRunner.java:63)
at org.testng.internal.invokers.TestInvoker$MethodInvocationAgent.invoke(TestInvoker.java:1005)
at org.testng.internal.invokers.TestInvoker.invokeTestMethods(TestInvoker.java:203)
at org.testng.internal.invokers.TestMethodWorker.invokeTestMethods(TestMethodWorker.java:154)
at org.testng.internal.invokers.TestMethodWorker.run(TestMethodWorker.java:134)
at java.base/java.util.ArrayList.forEach(ArrayList.java:1604)
at org.testng.TestRunner.privateRun(TestRunner.java:744)
at org.testng.TestRunner.run(TestRunner.java:616)
at org.testng.SuiteRunner.runTest(SuiteRunner.java:421)
at org.testng.SuiteRunner.runSequentially(SuiteRunner.java:413)
at org.testng.SuiteRunner.privateRun(SuiteRunner.java:373)
at org.testng.SuiteRunner.run(SuiteRunner.java:312)
at org.testng.SuiteRunnerWorker.runSuite(SuiteRunnerWorker.java:52)
at org.testng.SuiteRunnerWorker.run(SuiteRunnerWorker.java:95)
at org.testng.TestNG.runSuitesSequentially(TestNG.java:1274)
at org.testng.TestNG.runSuitesLocally(TestNG.java:1208)
at org.testng.TestNG.runSuites(TestNG.java:1112)
at org.testng.TestNG.run(TestNG.java:1079)
at org.apache.maven.surefire.testng.TestNGExecutor.run(TestNGExecutor.java:308)
at org.apache.maven.surefire.testng.TestNGXmlTestSuite.execute(TestNGXmlTestSuite.java:71)
at org.apache.maven.surefire.testng.TestNGProvider.invoke(TestNGProvider.java:113)
at org.apache.maven.surefire.booter.ForkedBooter.runSuitesInProcess(ForkedBooter.java:385)
at org.apache.maven.surefire.booter.ForkedBooter.execute(ForkedBooter.java:162)
at org.apache.maven.surefire.booter.ForkedBooter.run(ForkedBooter.java:507)
at org.apache.maven.surefire.booter.ForkedBooter.main(ForkedBooter.java:495)
]]>
            </full-stacktrace>
          </exception> <!-- java.lang.AssertionError -->
          <reporter-output>
          </reporter-output>
        </test-method> <!-- getEmployeeDetails -->
      </class> <!-- com.gedala.tests.GetTest -->
      <class name="com.gedala.tests.PostTest">
        <test-method signature="postRequestUsingExternalFile(java.lang.reflect.Method)[pri:0, instance:com.gedala.tests.PostTest@14d3bc22]" started-at="2026-05-09T09:20:45 IST" name="postRequestUsingExternalFile" finished-at="2026-05-09T09:20:45 IST" duration-ms="84" status="PASS">
          <params>
            <param index="0">
              <value>
                <![CDATA[public void com.gedala.tests.PostTest.postRequestUsingExternalFile(java.lang.reflect.Method)]]>
              </value>
            </param>
          </params>
          <reporter-output>
          </reporter-output>
        </test-method> <!-- postRequestUsingExternalFile -->
        <test-method signature="postTests()[pri:0, instance:com.gedala.tests.PostTest@14d3bc22]" started-at="2026-05-09T09:20:45 IST" name="postTests" finished-at="2026-05-09T09:20:45 IST" duration-ms="49" status="PASS">
          <reporter-output>
          </reporter-output>
        </test-method> <!-- postTests -->
      </class> <!-- com.gedala.tests.PostTest -->
      <class name="com.gedala.tests.CrudTest">
        <test-method signature="UserService()[pri:0, instance:com.gedala.tests.CrudTest@222114ba]" started-at="2026-05-09T09:20:40 IST" name="UserService" finished-at="2026-05-09T09:20:45 IST" duration-ms="5334" status="PASS">
          <reporter-output>
          </reporter-output>
        </test-method> <!-- UserService -->
      </class> <!-- com.gedala.tests.CrudTest -->
    </test> <!-- Test -->
  </suite> <!-- Suite -->
</testng-results>
