<?xml version="1.0" encoding="UTF-8"?>
<testsuite xmlns:xsi="http://www.w3.org/2001/XMLSchema-instance" xsi:noNamespaceSchemaLocation="https://maven.apache.org/surefire/maven-surefire-plugin/xsd/surefire-test-report-3.0.xsd" version="3.0" name="TestSuite" time="9.792" tests="5" errors="0" skipped="0" failures="1">
  <properties>
[...]
</properties>
  <testcase name="UserService" classname="com.gedala.tests.CrudTest" time="5.341">
    <system-out><![CDATA[2026-05-09 09:20:41 [main] INFO  [Thread-3] The passed Pojo data: {
  "id" : 818,
  "firstname" : "kurtis",
  "lastname" : "brown",
  "email" : "domonique.satterfield@yahoo.com"
}
2026-05-09 09:20:41 [main] INFO  [Thread-3] Creating a new  user
Request method:	POST
Request URI:	http://localhost:3000/employees/
Proxy:			<none>
Request params:	<none>
Query params:	<none>
Form params:	<none>
Path params:	<none>
Headers:		Accept=*/*
				Content-Type=application/json
Cookies:		<none>
Multiparts:		<none>
Body:
{
    "id": 818,
    "firstname": "kurtis",
    "lastname": "brown",
    "email": "domonique.satterfield@yahoo.com"
}
2026-05-09 09:20:44 [main] INFO  [Thread-3] {
    "id": 818,
    "firstname": "kurtis",
    "lastname": "brown",
    "email": "domonique.satterfield@yahoo.com"
}
2026-05-09 09:20:45 [main] INFO  [Thread-3] Updating an existing user
Request method:	PUT
Request URI:	http://localhost:3000/employees/818
Proxy:			<none>
Request params:	<none>
Query params:	<none>
Form params:	<none>
Path params:	<none>
Headers:		Accept=*/*
				Content-Type=application/json
Cookies:		<none>
Multiparts:		<none>
Body:
{
    "id": 735,
    "firstname": "corina",
    "lastname": "veum",
    "email": "marion.larson@hotmail.com"
}
2026-05-09 09:20:45 [main] INFO  [Thread-3] {
    "id": "818",
    "firstname": "corina",
    "lastname": "veum",
    "email": "marion.larson@hotmail.com"
}
2026-05-09 09:20:45 [main] INFO  [Thread-3] Deleting the created user
Request method:	DELETE
Request URI:	http://localhost:3000/employees/818
Proxy:			<none>
Request params:	<none>
Query params:	<none>
Form params:	<none>
Path params:	<none>
Headers:		Accept=*/*
Cookies:		<none>
Multiparts:		<none>
Body:			<none>
2026-05-09 09:20:45 [main] INFO  [Thread-3] Validating the created user is not present in the Api after deleting 
Request method:	GET
Request URI:	http://localhost:3000/employees/
Proxy:			<none>
Request params:	<none>
Query params:	<none>
Form params:	<none>
Path params:	<none>
Headers:		Accept=*/*
Cookies:		<none>
Multiparts:		<none>
Body:			<none>
2026-05-09 09:20:45 [main] INFO  [Thread-3] PASS : UserService is passed
]]></system-out>
    <system-err><![CDATA[SLF4J(W): No SLF4J providers were found.
SLF4J(W): Defaulting to no-operation (NOP) logger implementation
SLF4J(W): See https://www.slf4j.org/codes.html#noProviders for further details.
]]></system-err>
  </testcase>
  <testcase name="postRequestUsingExternalFile[public void com.gedala.tests.PostTest.postRequestUsingExternalFile(java.lang.reflect.Method)](1)" classname="com.gedala.tests.PostTest" time="0.077">
    <system-out><![CDATA[Request method:	POST
Request URI:	http://localhost:3000/employees/
Proxy:			<none>
Request params:	<none>
Query params:	<none>
Form params:	<none>
Path params:	<none>
Headers:		Accept=*/*
				Content-Type=application/json
Cookies:		<none>
Multiparts:		<none>
Body:
{
    "id": "343",
    "firstname": "tyree",
    "lastname": "tommye",
    "email": "gustavo.hoeger@gmail.com"
}
2026-05-09 09:20:45 [main] INFO  [Thread-3] {
    "id": "343",
    "firstname": "tyree",
    "lastname": "tommye",
    "email": "gustavo.hoeger@gmail.com"
}
2026-05-09 09:20:45 [main] INFO  [Thread-3] PASS : postRequestUsingExternalFile is passed
]]></system-out>
  </testcase>
  <testcase name="postTests" classname="com.gedala.tests.PostTest" time="0.051">
    <system-out><![CDATA[Request method:	POST
Request URI:	http://localhost:3000/employees/
Proxy:			<none>
Request params:	<none>
Query params:	<none>
Form params:	<none>
Path params:	<none>
Headers:		Accept=*/*
				Content-Type=application/json
Cookies:		<none>
Multiparts:		<none>
Body:
{
    "id": 368,
    "firstname": "rey",
    "lastname": "hilpert",
    "email": null
}
2026-05-09 09:20:45 [main] INFO  [Thread-3] {
    "id": 368,
    "firstname": "rey",
    "lastname": "hilpert",
    "email": null
}
2026-05-09 09:20:45 [main] INFO  [Thread-3] PASS : postTests is passed
]]></system-out>
  </testcase>
  <testcase name="getEmployeeDetail" classname="com.gedala.tests.GetTest" time="0.069">
    <system-out><![CDATA[Request method:	GET
Request URI:	http://localhost:3000/employees/3
Proxy:			<none>
Request params:	<none>
Query params:	<none>
Form params:	<none>
Path params:	id=3
Headers:		Accept=*/*
Cookies:		<none>
Multiparts:		<none>
Body:			<none>
2026-05-09 09:20:45 [main] INFO  [Thread-3] {
    "id": "3",
    "firstname": "Anita",
    "lastname": "Reddy",
    "email": "anita.reddy@example.com"
}
2026-05-09 09:20:45 [main] INFO  [Thread-3] PASS : getEmployeeDetail is passed
]]></system-out>
  </testcase>
  <testcase name="getEmployeeDetails" classname="com.gedala.tests.GetTest" time="0.063">
    <failure message="&#10;Expecting actual:&#10;  50&#10;to be greater than:&#10;  100&#10;" type="java.lang.AssertionError"><![CDATA[java.lang.AssertionError: 

Expecting actual:
  50
to be greater than:
  100

	at com.gedala.tests.GetTest.getEmployeeDetails(GetTest.java:23)
	at java.base/jdk.internal.reflect.DirectMethodHandleAccessor.invoke(DirectMethodHandleAccessor.java:104)
	at java.base/java.lang.reflect.Method.invoke(Method.java:565)
	at org.testng.internal.invokers.MethodInvocationHelper.invokeMethod(MethodInvocationHelper.java:141)
	at org.testng.internal.invokers.TestInvoker.invokeMethod(TestInvoker.java:697)
	at org.testng.internal.invokers.TestInvoker.invokeTestMethod(TestInvoker.java:230)
	at org.testng.internal.invokers.MethodRunner.runInSequence(MethodRunner.java:63)
	at org.testng.internal.invokers.TestInvoker$MethodInvocationAgent.invoke(TestInvoker.java:1005)
	at org.testng.internal.invokers.TestInvoker.invokeTestMethods(TestInvoker.java:203)
	at org.testng.internal.invokers.TestMethodWorker.invokeTestMethods(TestMethodWorker.java:154)
	at org.testng.internal.invokers.TestMethodWorker.run(TestMethodWorker.java:134)
	at java.base/java.util.ArrayList.forEach(ArrayList.java:1604)
	at org.testng.TestRunner.privateRun(TestRunner.java:744)
	at org.testng.TestRunner.run(TestRunner.java:616)
	at org.testng.SuiteRunner.runTest(SuiteRunner.java:421)
	at org.testng.SuiteRunner.runSequentially(SuiteRunner.java:413)
	at org.testng.SuiteRunner.privateRun(SuiteRunner.java:373)
	at org.testng.SuiteRunner.run(SuiteRunner.java:312)
	at org.testng.SuiteRunnerWorker.runSuite(SuiteRunnerWorker.java:52)
	at org.testng.SuiteRunnerWorker.run(SuiteRunnerWorker.java:95)
	at org.testng.TestNG.runSuitesSequentially(TestNG.java:1274)
	at org.testng.TestNG.runSuitesLocally(TestNG.java:1208)
	at org.testng.TestNG.runSuites(TestNG.java:1112)
	at org.testng.TestNG.run(TestNG.java:1079)
	at org.apache.maven.surefire.testng.TestNGExecutor.run(TestNGExecutor.java:308)
	at org.apache.maven.surefire.testng.TestNGXmlTestSuite.execute(TestNGXmlTestSuite.java:71)
	at org.apache.maven.surefire.testng.TestNGProvider.invoke(TestNGProvider.java:113)
	at org.apache.maven.surefire.booter.ForkedBooter.runSuitesInProcess(ForkedBooter.java:385)
	at org.apache.maven.surefire.booter.ForkedBooter.execute(ForkedBooter.java:162)
	at org.apache.maven.surefire.booter.ForkedBooter.run(ForkedBooter.java:507)
	at org.apache.maven.surefire.booter.ForkedBooter.main(ForkedBooter.java:495)
]]></failure>
    <system-out><![CDATA[Request method:	GET
Request URI:	http://localhost:3000/employees
Proxy:			<none>
Request params:	<none>
Query params:	<none>
Form params:	<none>
Path params:	<none>
Headers:		Accept=*/*
Cookies:		<none>
Multiparts:		<none>
Body:			<none>
2026-05-09 09:20:45 [main] INFO  [Thread-3] [
    {
        "id": "3",
        "firstname": "Anita",
        "lastname": "Reddy",
        "email": "anita.reddy@example.com"
    },
    {
        "id": "123",
        "firstname": "VIJAY",
        "lastname": "GEDALA",
        "email": "abc@gmail.com"
    },
    {
        "id": "315",
        "firstname": "malcolm",
        "lastname": "jude",
        "email": "abcJson@gmail.com"
    },
    {
        "firstname": "Vijay",
        "lastname": "Gedala",
        "email": "VijayGedala@Gmail.com",
        "id": "852"
    },
    {
        "id": "919",
        "firstname": "christian",
        "lastname": "carmen",
        "email": "mariann.haag@gmail.com"
    },
    {
        "id": "773",
        "firstname": "vada",
        "lastname": "herzog",
        "email": null
    },
    {
        "id": "300",
        "firstname": "jewell",
        "lastname": "aurelio",
        "email": "elton.mitchell@yahoo.com"
    },
    {
        "id": "968",
        "firstname": "floyd",
        "lastname": "gerlach",
        "email": null
    },
    {
        "id": "411",
        "firstname": "corey",
        "lastname": "tony",
        "email": "isidro.toy@yahoo.com"
    },
    {
        "id": "785",
        "firstname": "reuben",
        "lastname": "veum",
        "email": null
    },
    {
        "id": "309",
        "firstname": "martin",
        "lastname": "rodrick",
        "email": "beverley.becker@hotmail.com"
    },
    {
        "id": "814",
        "firstname": "drew",
        "lastname": "lockman",
        "email": null
    },
    {
        "id": "162",
        "firstname": "myong",
        "lastname": "rolland",
        "email": "josue.wuckert@gmail.com"
    },
    {
        "id": "769",
        "firstname": "ivy",
        "lastname": "medhurst",
        "email": null
    },
    {
        "id": "931",
        "firstname": "winter",
        "lastname": "ellis",
        "email": "salome.lemke@hotmail.com"
    },
    {
        "id": "237",
        "firstname": "doreen",
        "lastname": "ebert",
        "email": null
    },
    {
        "id": "445",
        "firstname": "mikaela",
        "lastname": "fidela",
        "email": "pasquale.wisoky@gmail.com"
    },
    {
        "id": "586",
        "firstname": "hilton",
        "lastname": "mohr",
        "email": null
    },
    {
        "id": "801",
        "firstname": "jose",
        "lastname": "starr",
        "email": "edda.hartmann@yahoo.com"
    },
    {
        "id": "236",
        "firstname": "yasmin",
        "lastname": "breitenberg",
        "email": null
    },
    {
        "id": "988",
        "firstname": "chong",
        "lastname": "mickey",
        "email": "cherelle.mills@gmail.com"
    },
    {
        "id": "177",
        "firstname": "tracey",
        "lastname": "carter",
        "email": null
    },
    {
        "id": "721",
        "firstname": "britt",
        "lastname": "gregory",
        "email": "sal.schuppe@gmail.com"
    },
    {
        "id": "293",
        "firstname": "tatum",
        "lastname": "heaney",
        "email": null
    },
    {
        "id": "156",
        "firstname": "toney",
        "lastname": "cassi",
        "email": "marlen.hodkiewicz@yahoo.com"
    },
    {
        "id": "211",
        "firstname": "wes",
        "lastname": "wyman",
        "email": null
    },
    {
        "id": "376",
        "firstname": "olive",
        "lastname": "carmine",
        "email": "mikel.smitham@yahoo.com"
    },
    {
        "id": "642",
        "firstname": "angelo",
        "lastname": "bednar",
        "email": null
    },
    {
        "id": "118",
        "firstname": "ines",
        "lastname": "rolland",
        "email": "kyoko.nitzsche@gmail.com"
    },
    {
        "id": "383",
        "firstname": "fredrick",
        "lastname": "boehm",
        "email": null
    },
    {
        "id": "739",
        "firstname": "christi",
        "lastname": "kerri",
        "email": "louvenia.bednar@hotmail.com"
    },
    {
        "id": "907",
        "firstname": "dave",
        "lastname": "bahringer",
        "email": null
    },
    {
        "id": "259",
        "firstname": "mendy",
        "lastname": "aurelio",
        "email": "titus.pouros@yahoo.com"
    },
    {
        "id": "723",
        "firstname": "kai",
        "lastname": "schroeder",
        "email": null
    },
    {
        "id": "740",
        "firstname": "sherlene",
        "lastname": "faviola",
        "email": "stacy.daniel@yahoo.com"
    },
    {
        "id": "143",
        "firstname": "esperanza",
        "lastname": "hettinger",
        "email": null
    },
    {
        "id": "423",
        "firstname": "quentin",
        "lastname": "maryalice",
        "email": "henry.mann@yahoo.com"
    },
    {
        "id": "114",
        "firstname": "alaina",
        "lastname": "heidenreich",
        "email": null
    },
    {
        "id": "137",
        "firstname": "glenn",
        "lastname": "riley",
        "email": "lyndon.osinski@gmail.com"
    },
    {
        "id": "173",
        "firstname": "adrienne",
        "lastname": "kuvalis",
        "email": null
    },
    {
        "id": "988",
        "firstname": "reyes",
        "lastname": "harmony",
        "email": "isiah.brakus@hotmail.com"
    },
    {
        "id": "576",
        "firstname": "veda",
        "lastname": "hauck",
        "email": null
    },
    {
        "id": "701",
        "firstname": "jimmie",
        "lastname": "norbert",
        "email": "sharika.ledner@gmail.com"
    },
    {
        "id": "578",
        "firstname": "maria",
        "lastname": "durgan",
        "email": null
    },
    {
        "id": "273",
        "firstname": "kaylene",
        "lastname": "lonnie",
        "email": "julian.schiller@hotmail.com"
    },
    {
        "id": "365",
        "firstname": "ramon",
        "lastname": "hoeger",
        "email": null
    },
    {
        "id": "272",
        "firstname": "ivory",
        "lastname": "sachiko",
        "email": "calvin.hettinger@hotmail.com"
    },
    {
        "id": "740",
        "firstname": "tonette",
        "lastname": "anderson",
        "email": null
    },
    {
        "id": "343",
        "firstname": "tyree",
        "lastname": "tommye",
        "email": "gustavo.hoeger@gmail.com"
    },
    {
        "id": "368",
        "firstname": "rey",
        "lastname": "hilpert",
        "email": null
    }
]
2026-05-09 09:20:45 [main] ERROR [Thread-3] FAIL : getEmployeeDetails is failed
2026-05-09 09:20:45 [main] ERROR [Thread-3] FAIL : java.lang.AssertionError: 
Expecting actual:
  50
to be greater than:
  100
]]></system-out>
  </testcase>
</testsuite>