<?xml version="1.0" encoding="UTF-8"?>
<!-- Generated by org.testng.reporters.JUnitReportReporter -->
<testsuite hostname="LAPTOP-CF835LVD" failures="0" tests="2" name="com.gedala.tests.PostTests" time="4.926" errors="0" timestamp="2026-05-03T20:30:16 IST" skipped="0">
  <testcase classname="com.gedala.tests.PostTests" name="postTests" time="0.546"/>
  <testcase classname="com.gedala.tests.PostTests" name="postRequestUsingExternalFile" time="4.380"/>
</testsuite> <!-- com.gedala.tests.PostTests -->
