<?xml version="1.0" encoding="UTF-8"?>
<!-- Generated by org.testng.reporters.JUnitReportReporter -->
<testsuite hostname="LAPTOP-CF835LVD" failures="0" tests="2" name="com.gedala.tests.PostTest" time="0.110" errors="0" timestamp="2026-05-09T19:36:32 IST" skipped="0">
  <testcase classname="com.gedala.tests.PostTest" name="postRequestUsingExternalFile" time="0.060"/>
  <testcase classname="com.gedala.tests.PostTest" name="postTests" time="0.050"/>
</testsuite> <!-- com.gedala.tests.PostTest -->
